0 info it worked if it ends with ok
1 verbose cli [ '/usr/bin/node', '/usr/bin/npm', 'run', 'seed_local' ]
2 info using npm@3.5.2
3 info using node@v8.10.0
4 verbose run-script [ 'preseed_local', 'seed_local', 'postseed_local' ]
5 info lifecycle quiz-2018@0.0.0~preseed_local: quiz-2018@0.0.0
6 silly lifecycle quiz-2018@0.0.0~preseed_local: no script for preseed_local, continuing
7 info lifecycle quiz-2018@0.0.0~seed_local: quiz-2018@0.0.0
8 verbose lifecycle quiz-2018@0.0.0~seed_local: unsafe-perm in lifecycle true
9 verbose lifecycle quiz-2018@0.0.0~seed_local: PATH: /usr/share/npm/bin/node-gyp-bin:/home/juanlluva/Proyectos_Git/quiz_2018/node_modules/.bin:/usr/local/sbin:/usr/local/bin:/usr/sbin:/usr/bin:/sbin:/bin:/usr/games:/usr/local/games:/snap/bin
10 verbose lifecycle quiz-2018@0.0.0~seed_local: CWD: /home/juanlluva/Proyectos_Git/quiz_2018
11 silly lifecycle quiz-2018@0.0.0~seed_local: Args: [ '-c',
11 silly lifecycle   'sequelize db:seed:all --url sqlite://$(pwd)/quiz.sqlite' ]
12 silly lifecycle quiz-2018@0.0.0~seed_local: Returned: code: 1  signal: null
13 info lifecycle quiz-2018@0.0.0~seed_local: Failed to exec seed_local script
14 verbose stack Error: quiz-2018@0.0.0 seed_local: `sequelize db:seed:all --url sqlite://$(pwd)/quiz.sqlite`
14 verbose stack Exit status 1
14 verbose stack     at EventEmitter.<anonymous> (/usr/share/npm/lib/utils/lifecycle.js:232:16)
14 verbose stack     at emitTwo (events.js:126:13)
14 verbose stack     at EventEmitter.emit (events.js:214:7)
14 verbose stack     at ChildProcess.<anonymous> (/usr/share/npm/lib/utils/spawn.js:24:14)
14 verbose stack     at emitTwo (events.js:126:13)
14 verbose stack     at ChildProcess.emit (events.js:214:7)
14 verbose stack     at maybeClose (internal/child_process.js:925:16)
14 verbose stack     at Process.ChildProcess._handle.onexit (internal/child_process.js:209:5)
15 verbose pkgid quiz-2018@0.0.0
16 verbose cwd /home/juanlluva/Proyectos_Git/quiz_2018
17 error Linux 4.15.0-22-generic
18 error argv "/usr/bin/node" "/usr/bin/npm" "run" "seed_local"
19 error node v8.10.0
20 error npm  v3.5.2
21 error code ELIFECYCLE
22 error quiz-2018@0.0.0 seed_local: `sequelize db:seed:all --url sqlite://$(pwd)/quiz.sqlite`
22 error Exit status 1
23 error Failed at the quiz-2018@0.0.0 seed_local script 'sequelize db:seed:all --url sqlite://$(pwd)/quiz.sqlite'.
23 error Make sure you have the latest version of node.js and npm installed.
23 error If you do, this is most likely a problem with the quiz-2018 package,
23 error not with npm itself.
23 error Tell the author that this fails on your system:
23 error     sequelize db:seed:all --url sqlite://$(pwd)/quiz.sqlite
23 error You can get information on how to open an issue for this project with:
23 error     npm bugs quiz-2018
23 error Or if that isn't available, you can get their info via:
23 error     npm owner ls quiz-2018
23 error There is likely additional logging output above.
24 verbose exit [ 1, true ]
